# JRE version: OpenJDK Runtime Environment (11.0.6+10) (build 11.0.6+10)
# Java VM: OpenJDK 64-Bit Server VM (11.0.6+10, mixed mode, tiered, compressed oops, g1 gc, windows-amd64)
Heap:
 garbage-first heap   total 126976K, used 15821K [0x0000000084c00000, 0x0000000100000000)
  region size 1024K, 4 young (4096K), 2 survivors (2048K)
 Metaspace       used 21943K, capacity 22398K, committed 22528K, reserved 1069056K
  class space    used 2047K, capacity 2235K, committed 2304K, reserved 1048576K
GC Heap History (8 events):
Event: 0.750 GC heap before
{Heap before GC invocations=0 (full 0):
 garbage-first heap   total 126976K, used 23552K [0x0000000084c00000, 0x0000000100000000)
  region size 1024K, 24 young (24576K), 0 survivors (0K)
 Metaspace       used 19981K, capacity 20472K, committed 20608K, reserved 1067008K
  class space    used 1909K, capacity 2120K, committed 2176K, reserved 1048576K
}
Event: 0.754 GC heap after
{Heap after GC invocations=1 (full 0):
 garbage-first heap   total 126976K, used 5511K [0x0000000084c00000, 0x0000000100000000)
  region size 1024K, 3 young (3072K), 3 survivors (3072K)
 Metaspace       used 19981K, capacity 20472K, committed 20608K, reserved 1067008K
  class space    used 1909K, capacity 2120K, committed 2176K, reserved 1048576K
}
Event: 0.791 GC heap before
{Heap before GC invocations=1 (full 0):
 garbage-first heap   total 126976K, used 55687K [0x0000000084c00000, 0x0000000100000000)
  region size 1024K, 5 young (5120K), 3 survivors (3072K)
 Metaspace       used 20086K, capacity 20600K, committed 20864K, reserved 1069056K
  class space    used 1917K, capacity 2120K, committed 2176K, reserved 1048576K
}
Event: 0.793 GC heap after
{Heap after GC invocations=2 (full 0):
 garbage-first heap   total 126976K, used 30007K [0x0000000084c00000, 0x0000000100000000)
  region size 1024K, 3 young (3072K), 3 survivors (3072K)
 Metaspace       used 20086K, capacity 20600K, committed 20864K, reserved 1069056K
  class space    used 1917K, capacity 2120K, committed 2176K, reserved 1048576K
}
Event: 0.831 GC heap before
{Heap before GC invocations=3 (full 0):
 garbage-first heap   total 126976K, used 79159K [0x0000000084c00000, 0x0000000100000000)
  region size 1024K, 4 young (4096K), 3 survivors (3072K)
 Metaspace       used 20087K, capacity 20600K, committed 20864K, reserved 1069056K
  class space    used 1917K, capacity 2120K, committed 2176K, reserved 1048576K
}
Event: 0.834 GC heap after
{Heap after GC invocations=4 (full 0):
 garbage-first heap   total 126976K, used 54734K [0x0000000084c00000, 0x0000000100000000)
  region size 1024K, 1 young (1024K), 1 survivors (1024K)
 Metaspace       used 20087K, capacity 20600K, committed 20864K, reserved 1069056K
  class space    used 1917K, capacity 2120K, committed 2176K, reserved 1048576K
}
Event: 6.256 GC heap before
{Heap before GC invocations=5 (full 0):
 garbage-first heap   total 126976K, used 100814K [0x0000000084c00000, 0x0000000100000000)
  region size 1024K, 13 young (13312K), 1 survivors (1024K)
 Metaspace       used 21808K, capacity 22331K, committed 22528K, reserved 1069056K
  class space    used 2044K, capacity 2234K, committed 2304K, reserved 1048576K
}
Event: 6.260 GC heap after
{Heap after GC invocations=6 (full 0):
 garbage-first heap   total 126976K, used 6605K [0x0000000084c00000, 0x0000000100000000)
  region size 1024K, 2 young (2048K), 2 survivors (2048K)
 Metaspace       used 21808K, capacity 22331K, committed 22528K, reserved 1069056K
  class space    used 2044K, capacity 2234K, committed 2304K, reserved 1048576K
}

