# JRE version: OpenJDK Runtime Environment (11.0.6+10) (build 11.0.6+10)
# Java VM: OpenJDK 64-Bit Server VM (11.0.6+10, mixed mode, tiered, compressed oops, g1 gc, windows-amd64)
Heap:
 garbage-first heap   total 126976K, used 108241K [0x0000000084c00000, 0x0000000100000000)
  region size 1024K, 13 young (13312K), 1 survivors (1024K)
 Metaspace       used 21975K, capacity 22462K, committed 22784K, reserved 1069056K
  class space    used 2054K, capacity 2235K, committed 2304K, reserved 1048576K
GC Heap History (8 events):
Event: 0.701 GC heap before
{Heap before GC invocations=0 (full 0):
 garbage-first heap   total 126976K, used 31744K [0x0000000084c00000, 0x0000000100000000)
  region size 1024K, 24 young (24576K), 0 survivors (0K)
 Metaspace       used 20005K, capacity 20471K, committed 20608K, reserved 1067008K
  class space    used 1924K, capacity 2120K, committed 2176K, reserved 1048576K
}
Event: 0.706 GC heap after
{Heap after GC invocations=1 (full 0):
 garbage-first heap   total 126976K, used 12808K [0x0000000084c00000, 0x0000000100000000)
  region size 1024K, 3 young (3072K), 3 survivors (3072K)
 Metaspace       used 20005K, capacity 20471K, committed 20608K, reserved 1067008K
  class space    used 1924K, capacity 2120K, committed 2176K, reserved 1048576K
}
Event: 0.729 GC heap before
{Heap before GC invocations=1 (full 0):
 garbage-first heap   total 126976K, used 38408K [0x0000000084c00000, 0x0000000100000000)
  region size 1024K, 5 young (5120K), 3 survivors (3072K)
 Metaspace       used 20101K, capacity 20599K, committed 20864K, reserved 1069056K
  class space    used 1929K, capacity 2120K, committed 2176K, reserved 1048576K
}
Event: 0.732 GC heap after
{Heap after GC invocations=2 (full 0):
 garbage-first heap   total 126976K, used 25400K [0x0000000084c00000, 0x0000000100000000)
  region size 1024K, 4 young (4096K), 4 survivors (4096K)
 Metaspace       used 20101K, capacity 20599K, committed 20864K, reserved 1069056K
  class space    used 1929K, capacity 2120K, committed 2176K, reserved 1048576K
}
Event: 0.755 GC heap before
{Heap before GC invocations=3 (full 0):
 garbage-first heap   total 126976K, used 49976K [0x0000000084c00000, 0x0000000100000000)
  region size 1024K, 5 young (5120K), 4 survivors (4096K)
 Metaspace       used 20101K, capacity 20599K, committed 20864K, reserved 1069056K
  class space    used 1929K, capacity 2120K, committed 2176K, reserved 1048576K
}
Event: 0.758 GC heap after
{Heap after GC invocations=4 (full 0):
 garbage-first heap   total 126976K, used 37737K [0x0000000084c00000, 0x0000000100000000)
  region size 1024K, 1 young (1024K), 1 survivors (1024K)
 Metaspace       used 20101K, capacity 20599K, committed 20864K, reserved 1069056K
  class space    used 1929K, capacity 2120K, committed 2176K, reserved 1048576K
}
Event: 0.787 GC heap before
{Heap before GC invocations=5 (full 0):
 garbage-first heap   total 126976K, used 86889K [0x0000000084c00000, 0x0000000100000000)
  region size 1024K, 1 young (1024K), 1 survivors (1024K)
 Metaspace       used 20101K, capacity 20599K, committed 20864K, reserved 1069056K
  class space    used 1929K, capacity 2120K, committed 2176K, reserved 1048576K
}
Event: 0.788 GC heap after
{Heap after GC invocations=6 (full 0):
 garbage-first heap   total 126976K, used 62161K [0x0000000084c00000, 0x0000000100000000)
  region size 1024K, 1 young (1024K), 1 survivors (1024K)
 Metaspace       used 20101K, capacity 20599K, committed 20864K, reserved 1069056K
  class space    used 1929K, capacity 2120K, committed 2176K, reserved 1048576K
}

