# JRE version: OpenJDK Runtime Environment (11.0.6+10) (build 11.0.6+10)
# Java VM: OpenJDK 64-Bit Server VM (11.0.6+10, mixed mode, tiered, compressed oops, g1 gc, windows-amd64)
Heap:
 garbage-first heap   total 126976K, used 108252K [0x0000000084c00000, 0x0000000100000000)
  region size 1024K, 13 young (13312K), 1 survivors (1024K)
 Metaspace       used 21834K, capacity 22334K, committed 22528K, reserved 1069056K
  class space    used 2049K, capacity 2235K, committed 2304K, reserved 1048576K
GC Heap History (8 events):
Event: 0.739 GC heap before
{Heap before GC invocations=0 (full 0):
 garbage-first heap   total 126976K, used 31744K [0x0000000084c00000, 0x0000000100000000)
  region size 1024K, 24 young (24576K), 0 survivors (0K)
 Metaspace       used 19999K, capacity 20471K, committed 20608K, reserved 1067008K
  class space    used 1923K, capacity 2120K, committed 2176K, reserved 1048576K
}
Event: 0.744 GC heap after
{Heap after GC invocations=1 (full 0):
 garbage-first heap   total 126976K, used 12815K [0x0000000084c00000, 0x0000000100000000)
  region size 1024K, 3 young (3072K), 3 survivors (3072K)
 Metaspace       used 19999K, capacity 20471K, committed 20608K, reserved 1067008K
  class space    used 1923K, capacity 2120K, committed 2176K, reserved 1048576K
}
Event: 0.766 GC heap before
{Heap before GC invocations=1 (full 0):
 garbage-first heap   total 126976K, used 38415K [0x0000000084c00000, 0x0000000100000000)
  region size 1024K, 5 young (5120K), 3 survivors (3072K)
 Metaspace       used 20096K, capacity 20599K, committed 20864K, reserved 1069056K
  class space    used 1928K, capacity 2120K, committed 2176K, reserved 1048576K
}
Event: 0.768 GC heap after
{Heap after GC invocations=2 (full 0):
 garbage-first heap   total 126976K, used 25452K [0x0000000084c00000, 0x0000000100000000)
  region size 1024K, 4 young (4096K), 4 survivors (4096K)
 Metaspace       used 20096K, capacity 20599K, committed 20864K, reserved 1069056K
  class space    used 1928K, capacity 2120K, committed 2176K, reserved 1048576K
}
Event: 0.786 GC heap before
{Heap before GC invocations=3 (full 0):
 garbage-first heap   total 126976K, used 50028K [0x0000000084c00000, 0x0000000100000000)
  region size 1024K, 5 young (5120K), 4 survivors (4096K)
 Metaspace       used 20096K, capacity 20599K, committed 20864K, reserved 1069056K
  class space    used 1928K, capacity 2120K, committed 2176K, reserved 1048576K
}
Event: 0.789 GC heap after
{Heap after GC invocations=4 (full 0):
 garbage-first heap   total 126976K, used 37809K [0x0000000084c00000, 0x0000000100000000)
  region size 1024K, 1 young (1024K), 1 survivors (1024K)
 Metaspace       used 20096K, capacity 20599K, committed 20864K, reserved 1069056K
  class space    used 1928K, capacity 2120K, committed 2176K, reserved 1048576K
}
Event: 0.816 GC heap before
{Heap before GC invocations=5 (full 0):
 garbage-first heap   total 126976K, used 86961K [0x0000000084c00000, 0x0000000100000000)
  region size 1024K, 1 young (1024K), 1 survivors (1024K)
 Metaspace       used 20096K, capacity 20599K, committed 20864K, reserved 1069056K
  class space    used 1928K, capacity 2120K, committed 2176K, reserved 1048576K
}
Event: 0.817 GC heap after
{Heap after GC invocations=6 (full 0):
 garbage-first heap   total 126976K, used 62172K [0x0000000084c00000, 0x0000000100000000)
  region size 1024K, 1 young (1024K), 1 survivors (1024K)
 Metaspace       used 20096K, capacity 20599K, committed 20864K, reserved 1069056K
  class space    used 1928K, capacity 2120K, committed 2176K, reserved 1048576K
}

