# JRE version: OpenJDK Runtime Environment (11.0.6+10) (build 11.0.6+10)
# Java VM: OpenJDK 64-Bit Server VM (11.0.6+10, mixed mode, tiered, compressed oops, g1 gc, windows-amd64)
Heap:
 garbage-first heap   total 161792K, used 108407K [0x0000000084c00000, 0x0000000100000000)
  region size 1024K, 13 young (13312K), 1 survivors (1024K)
 Metaspace       used 22418K, capacity 22976K, committed 23168K, reserved 1071104K
  class space    used 2131K, capacity 2342K, committed 2432K, reserved 1048576K
GC Heap History (10 events):
Event: 0.693 GC heap before
{Heap before GC invocations=0 (full 0):
 garbage-first heap   total 126976K, used 31744K [0x0000000084c00000, 0x0000000100000000)
  region size 1024K, 24 young (24576K), 0 survivors (0K)
 Metaspace       used 20506K, capacity 21020K, committed 21248K, reserved 1069056K
  class space    used 1987K, capacity 2196K, committed 2304K, reserved 1048576K
}
Event: 0.699 GC heap after
{Heap after GC invocations=1 (full 0):
 garbage-first heap   total 126976K, used 12921K [0x0000000084c00000, 0x0000000100000000)
  region size 1024K, 3 young (3072K), 3 survivors (3072K)
 Metaspace       used 20506K, capacity 21020K, committed 21248K, reserved 1069056K
  class space    used 1987K, capacity 2196K, committed 2304K, reserved 1048576K
}
Event: 0.708 GC heap before
{Heap before GC invocations=1 (full 0):
 garbage-first heap   total 126976K, used 12921K [0x0000000084c00000, 0x0000000100000000)
  region size 1024K, 4 young (4096K), 3 survivors (3072K)
 Metaspace       used 20586K, capacity 21052K, committed 21248K, reserved 1069056K
  class space    used 1998K, capacity 2228K, committed 2304K, reserved 1048576K
}
Event: 0.711 GC heap after
{Heap after GC invocations=2 (full 0):
 garbage-first heap   total 126976K, used 13097K [0x0000000084c00000, 0x0000000100000000)
  region size 1024K, 4 young (4096K), 4 survivors (4096K)
 Metaspace       used 20586K, capacity 21052K, committed 21248K, reserved 1069056K
  class space    used 1998K, capacity 2228K, committed 2304K, reserved 1048576K
}
Event: 0.733 GC heap before
{Heap before GC invocations=3 (full 0):
 garbage-first heap   total 126976K, used 38697K [0x0000000084c00000, 0x0000000100000000)
  region size 1024K, 7 young (7168K), 4 survivors (4096K)
 Metaspace       used 20714K, capacity 21244K, committed 21504K, reserved 1069056K
  class space    used 2009K, capacity 2228K, committed 2304K, reserved 1048576K
}
Event: 0.737 GC heap after
{Heap after GC invocations=4 (full 0):
 garbage-first heap   total 126976K, used 25628K [0x0000000084c00000, 0x0000000100000000)
  region size 1024K, 1 young (1024K), 1 survivors (1024K)
 Metaspace       used 20714K, capacity 21244K, committed 21504K, reserved 1069056K
  class space    used 2009K, capacity 2228K, committed 2304K, reserved 1048576K
}
Event: 0.758 GC heap before
{Heap before GC invocations=5 (full 0):
 garbage-first heap   total 126976K, used 50204K [0x0000000084c00000, 0x0000000100000000)
  region size 1024K, 2 young (2048K), 1 survivors (1024K)
 Metaspace       used 20714K, capacity 21244K, committed 21504K, reserved 1069056K
  class space    used 2009K, capacity 2228K, committed 2304K, reserved 1048576K
}
Event: 0.759 GC heap after
{Heap after GC invocations=6 (full 0):
 garbage-first heap   total 126976K, used 37800K [0x0000000084c00000, 0x0000000100000000)
  region size 1024K, 1 young (1024K), 1 survivors (1024K)
 Metaspace       used 20714K, capacity 21244K, committed 21504K, reserved 1069056K
  class space    used 2009K, capacity 2228K, committed 2304K, reserved 1048576K
}
Event: 0.788 GC heap before
{Heap before GC invocations=7 (full 0):
 garbage-first heap   total 126976K, used 86952K [0x0000000084c00000, 0x0000000100000000)
  region size 1024K, 1 young (1024K), 1 survivors (1024K)
 Metaspace       used 20714K, capacity 21244K, committed 21504K, reserved 1069056K
  class space    used 2009K, capacity 2228K, committed 2304K, reserved 1048576K
}
Event: 0.789 GC heap after
{Heap after GC invocations=8 (full 0):
 garbage-first heap   total 126976K, used 62327K [0x0000000084c00000, 0x0000000100000000)
  region size 1024K, 1 young (1024K), 1 survivors (1024K)
 Metaspace       used 20714K, capacity 21244K, committed 21504K, reserved 1069056K
  class space    used 2009K, capacity 2228K, committed 2304K, reserved 1048576K
}

