# JRE version: OpenJDK Runtime Environment (11.0.6+10) (build 11.0.6+10)
# Java VM: OpenJDK 64-Bit Server VM (11.0.6+10, mixed mode, tiered, compressed oops, g1 gc, windows-amd64)
Heap:
 garbage-first heap   total 126976K, used 108251K [0x0000000084c00000, 0x0000000100000000)
  region size 1024K, 14 young (14336K), 1 survivors (1024K)
 Metaspace       used 21970K, capacity 22483K, committed 22784K, reserved 1069056K
  class space    used 2050K, capacity 2238K, committed 2304K, reserved 1048576K
GC Heap History (8 events):
Event: 0.707 GC heap before
{Heap before GC invocations=0 (full 0):
 garbage-first heap   total 126976K, used 31744K [0x0000000084c00000, 0x0000000100000000)
  region size 1024K, 24 young (24576K), 0 survivors (0K)
 Metaspace       used 20092K, capacity 20548K, committed 20864K, reserved 1069056K
  class space    used 1927K, capacity 2120K, committed 2176K, reserved 1048576K
}
Event: 0.712 GC heap after
{Heap after GC invocations=1 (full 0):
 garbage-first heap   total 126976K, used 13032K [0x0000000084c00000, 0x0000000100000000)
  region size 1024K, 3 young (3072K), 3 survivors (3072K)
 Metaspace       used 20092K, capacity 20548K, committed 20864K, reserved 1069056K
  class space    used 1927K, capacity 2120K, committed 2176K, reserved 1048576K
}
Event: 0.734 GC heap before
{Heap before GC invocations=1 (full 0):
 garbage-first heap   total 126976K, used 37608K [0x0000000084c00000, 0x0000000100000000)
  region size 1024K, 4 young (4096K), 3 survivors (3072K)
 Metaspace       used 20101K, capacity 20612K, committed 20864K, reserved 1069056K
  class space    used 1927K, capacity 2120K, committed 2176K, reserved 1048576K
}
Event: 0.736 GC heap after
{Heap after GC invocations=2 (full 0):
 garbage-first heap   total 126976K, used 25315K [0x0000000084c00000, 0x0000000100000000)
  region size 1024K, 3 young (3072K), 3 survivors (3072K)
 Metaspace       used 20101K, capacity 20612K, committed 20864K, reserved 1069056K
  class space    used 1927K, capacity 2120K, committed 2176K, reserved 1048576K
}
Event: 0.755 GC heap before
{Heap before GC invocations=3 (full 0):
 garbage-first heap   total 126976K, used 49891K [0x0000000084c00000, 0x0000000100000000)
  region size 1024K, 4 young (4096K), 3 survivors (3072K)
 Metaspace       used 20101K, capacity 20612K, committed 20864K, reserved 1069056K
  class space    used 1927K, capacity 2120K, committed 2176K, reserved 1048576K
}
Event: 0.758 GC heap after
{Heap after GC invocations=4 (full 0):
 garbage-first heap   total 126976K, used 37835K [0x0000000084c00000, 0x0000000100000000)
  region size 1024K, 1 young (1024K), 1 survivors (1024K)
 Metaspace       used 20101K, capacity 20612K, committed 20864K, reserved 1069056K
  class space    used 1927K, capacity 2120K, committed 2176K, reserved 1048576K
}
Event: 0.782 GC heap before
{Heap before GC invocations=5 (full 0):
 garbage-first heap   total 126976K, used 86987K [0x0000000084c00000, 0x0000000100000000)
  region size 1024K, 1 young (1024K), 1 survivors (1024K)
 Metaspace       used 20101K, capacity 20612K, committed 20864K, reserved 1069056K
  class space    used 1927K, capacity 2120K, committed 2176K, reserved 1048576K
}
Event: 0.783 GC heap after
{Heap after GC invocations=6 (full 0):
 garbage-first heap   total 126976K, used 62171K [0x0000000084c00000, 0x0000000100000000)
  region size 1024K, 1 young (1024K), 1 survivors (1024K)
 Metaspace       used 20101K, capacity 20612K, committed 20864K, reserved 1069056K
  class space    used 1927K, capacity 2120K, committed 2176K, reserved 1048576K
}

