# JRE version: OpenJDK Runtime Environment (11.0.6+10) (build 11.0.6+10)
# Java VM: OpenJDK 64-Bit Server VM (11.0.6+10, mixed mode, tiered, compressed oops, g1 gc, windows-amd64)
Heap:
 garbage-first heap   total 161792K, used 109310K [0x0000000084c00000, 0x0000000100000000)
  region size 1024K, 14 young (14336K), 1 survivors (1024K)
 Metaspace       used 22440K, capacity 22947K, committed 23168K, reserved 1071104K
  class space    used 2119K, capacity 2311K, committed 2432K, reserved 1048576K
GC Heap History (10 events):
Event: 0.744 GC heap before
{Heap before GC invocations=0 (full 0):
 garbage-first heap   total 126976K, used 31744K [0x0000000084c00000, 0x0000000100000000)
  region size 1024K, 24 young (24576K), 0 survivors (0K)
 Metaspace       used 20456K, capacity 20989K, committed 21120K, reserved 1069056K
  class space    used 1978K, capacity 2164K, committed 2176K, reserved 1048576K
}
Event: 0.749 GC heap after
{Heap after GC invocations=1 (full 0):
 garbage-first heap   total 126976K, used 12895K [0x0000000084c00000, 0x0000000100000000)
  region size 1024K, 3 young (3072K), 3 survivors (3072K)
 Metaspace       used 20456K, capacity 20989K, committed 21120K, reserved 1069056K
  class space    used 1978K, capacity 2164K, committed 2176K, reserved 1048576K
}
Event: 0.757 GC heap before
{Heap before GC invocations=1 (full 0):
 garbage-first heap   total 126976K, used 13919K [0x0000000084c00000, 0x0000000100000000)
  region size 1024K, 5 young (5120K), 3 survivors (3072K)
 Metaspace       used 20549K, capacity 21021K, committed 21248K, reserved 1069056K
  class space    used 1988K, capacity 2196K, committed 2304K, reserved 1048576K
}
Event: 0.760 GC heap after
{Heap after GC invocations=2 (full 0):
 garbage-first heap   total 126976K, used 12953K [0x0000000084c00000, 0x0000000100000000)
  region size 1024K, 4 young (4096K), 4 survivors (4096K)
 Metaspace       used 20549K, capacity 21021K, committed 21248K, reserved 1069056K
  class space    used 1988K, capacity 2196K, committed 2304K, reserved 1048576K
}
Event: 0.782 GC heap before
{Heap before GC invocations=3 (full 0):
 garbage-first heap   total 126976K, used 37529K [0x0000000084c00000, 0x0000000100000000)
  region size 1024K, 6 young (6144K), 4 survivors (4096K)
 Metaspace       used 20671K, capacity 21149K, committed 21504K, reserved 1069056K
  class space    used 2000K, capacity 2196K, committed 2304K, reserved 1048576K
}
Event: 0.784 GC heap after
{Heap after GC invocations=4 (full 0):
 garbage-first heap   total 126976K, used 25571K [0x0000000084c00000, 0x0000000100000000)
  region size 1024K, 1 young (1024K), 1 survivors (1024K)
 Metaspace       used 20671K, capacity 21149K, committed 21504K, reserved 1069056K
  class space    used 2000K, capacity 2196K, committed 2304K, reserved 1048576K
}
Event: 0.814 GC heap before
{Heap before GC invocations=5 (full 0):
 garbage-first heap   total 126976K, used 50147K [0x0000000084c00000, 0x0000000100000000)
  region size 1024K, 2 young (2048K), 1 survivors (1024K)
 Metaspace       used 20671K, capacity 21149K, committed 21504K, reserved 1069056K
  class space    used 2000K, capacity 2196K, committed 2304K, reserved 1048576K
}
Event: 0.815 GC heap after
{Heap after GC invocations=6 (full 0):
 garbage-first heap   total 126976K, used 37704K [0x0000000084c00000, 0x0000000100000000)
  region size 1024K, 1 young (1024K), 1 survivors (1024K)
 Metaspace       used 20671K, capacity 21149K, committed 21504K, reserved 1069056K
  class space    used 2000K, capacity 2196K, committed 2304K, reserved 1048576K
}
Event: 0.843 GC heap before
{Heap before GC invocations=7 (full 0):
 garbage-first heap   total 126976K, used 86856K [0x0000000084c00000, 0x0000000100000000)
  region size 1024K, 1 young (1024K), 1 survivors (1024K)
 Metaspace       used 20671K, capacity 21149K, committed 21504K, reserved 1069056K
  class space    used 2000K, capacity 2196K, committed 2304K, reserved 1048576K
}
Event: 0.844 GC heap after
{Heap after GC invocations=8 (full 0):
 garbage-first heap   total 126976K, used 62206K [0x0000000084c00000, 0x0000000100000000)
  region size 1024K, 1 young (1024K), 1 survivors (1024K)
 Metaspace       used 20671K, capacity 21149K, committed 21504K, reserved 1069056K
  class space    used 2000K, capacity 2196K, committed 2304K, reserved 1048576K
}

