# JRE version: OpenJDK Runtime Environment (11.0.6+10) (build 11.0.6+10)
# Java VM: OpenJDK 64-Bit Server VM (11.0.6+10, mixed mode, tiered, compressed oops, g1 gc, windows-amd64)
Heap:
 garbage-first heap   total 126976K, used 108326K [0x0000000084c00000, 0x0000000100000000)
  region size 1024K, 13 young (13312K), 1 survivors (1024K)
 Metaspace       used 22300K, capacity 22817K, committed 23168K, reserved 1071104K
  class space    used 2118K, capacity 2310K, committed 2432K, reserved 1048576K
GC Heap History (8 events):
Event: 0.770 GC heap before
{Heap before GC invocations=0 (full 0):
 garbage-first heap   total 126976K, used 30720K [0x0000000084c00000, 0x0000000100000000)
  region size 1024K, 24 young (24576K), 0 survivors (0K)
 Metaspace       used 20568K, capacity 21021K, committed 21248K, reserved 1069056K
  class space    used 1989K, capacity 2196K, committed 2304K, reserved 1048576K
}
Event: 0.776 GC heap after
{Heap after GC invocations=1 (full 0):
 garbage-first heap   total 126976K, used 12880K [0x0000000084c00000, 0x0000000100000000)
  region size 1024K, 3 young (3072K), 3 survivors (3072K)
 Metaspace       used 20568K, capacity 21021K, committed 21248K, reserved 1069056K
  class space    used 1989K, capacity 2196K, committed 2304K, reserved 1048576K
}
Event: 0.800 GC heap before
{Heap before GC invocations=2 (full 0):
 garbage-first heap   total 126976K, used 38480K [0x0000000084c00000, 0x0000000100000000)
  region size 1024K, 5 young (5120K), 3 survivors (3072K)
 Metaspace       used 20686K, capacity 21149K, committed 21504K, reserved 1069056K
  class space    used 2000K, capacity 2196K, committed 2304K, reserved 1048576K
}
Event: 0.803 GC heap after
{Heap after GC invocations=3 (full 0):
 garbage-first heap   total 126976K, used 25578K [0x0000000084c00000, 0x0000000100000000)
  region size 1024K, 4 young (4096K), 4 survivors (4096K)
 Metaspace       used 20686K, capacity 21149K, committed 21504K, reserved 1069056K
  class space    used 2000K, capacity 2196K, committed 2304K, reserved 1048576K
}
Event: 0.821 GC heap before
{Heap before GC invocations=4 (full 0):
 garbage-first heap   total 126976K, used 50154K [0x0000000084c00000, 0x0000000100000000)
  region size 1024K, 5 young (5120K), 4 survivors (4096K)
 Metaspace       used 20686K, capacity 21149K, committed 21504K, reserved 1069056K
  class space    used 2000K, capacity 2196K, committed 2304K, reserved 1048576K
}
Event: 0.824 GC heap after
{Heap after GC invocations=5 (full 0):
 garbage-first heap   total 126976K, used 37924K [0x0000000084c00000, 0x0000000100000000)
  region size 1024K, 1 young (1024K), 1 survivors (1024K)
 Metaspace       used 20686K, capacity 21149K, committed 21504K, reserved 1069056K
  class space    used 2000K, capacity 2196K, committed 2304K, reserved 1048576K
}
Event: 0.855 GC heap before
{Heap before GC invocations=6 (full 0):
 garbage-first heap   total 126976K, used 87076K [0x0000000084c00000, 0x0000000100000000)
  region size 1024K, 1 young (1024K), 1 survivors (1024K)
 Metaspace       used 20686K, capacity 21149K, committed 21504K, reserved 1069056K
  class space    used 2000K, capacity 2196K, committed 2304K, reserved 1048576K
}
Event: 0.856 GC heap after
{Heap after GC invocations=7 (full 0):
 garbage-first heap   total 126976K, used 62246K [0x0000000084c00000, 0x0000000100000000)
  region size 1024K, 1 young (1024K), 1 survivors (1024K)
 Metaspace       used 20686K, capacity 21149K, committed 21504K, reserved 1069056K
  class space    used 2000K, capacity 2196K, committed 2304K, reserved 1048576K
}

