# JRE version: OpenJDK Runtime Environment (11.0.6+10) (build 11.0.6+10)
# Java VM: OpenJDK 64-Bit Server VM (11.0.6+10, mixed mode, tiered, compressed oops, g1 gc, windows-amd64)
Heap:
 garbage-first heap   total 161792K, used 107517K [0x0000000084c00000, 0x0000000100000000)
  region size 1024K, 13 young (13312K), 1 survivors (1024K)
 Metaspace       used 22519K, capacity 23193K, committed 23296K, reserved 1071104K
  class space    used 2209K, capacity 2464K, committed 2560K, reserved 1048576K
GC Heap History (10 events):
Event: 0.666 GC heap before
{Heap before GC invocations=0 (full 0):
 garbage-first heap   total 126976K, used 31744K [0x0000000084c00000, 0x0000000100000000)
  region size 1024K, 24 young (24576K), 0 survivors (0K)
 Metaspace       used 19503K, capacity 20177K, committed 20480K, reserved 1067008K
  class space    used 1942K, capacity 2221K, committed 2304K, reserved 1048576K
}
Event: 0.671 GC heap after
{Heap after GC invocations=1 (full 0):
 garbage-first heap   total 126976K, used 12912K [0x0000000084c00000, 0x0000000100000000)
  region size 1024K, 3 young (3072K), 3 survivors (3072K)
 Metaspace       used 19503K, capacity 20177K, committed 20480K, reserved 1067008K
  class space    used 1942K, capacity 2221K, committed 2304K, reserved 1048576K
}
Event: 0.781 GC heap before
{Heap before GC invocations=1 (full 0):
 garbage-first heap   total 126976K, used 14960K [0x0000000084c00000, 0x0000000100000000)
  region size 1024K, 6 young (6144K), 3 survivors (3072K)
 Metaspace       used 20381K, capacity 21013K, committed 21248K, reserved 1069056K
  class space    used 2023K, capacity 2286K, committed 2304K, reserved 1048576K
}
Event: 0.783 GC heap after
{Heap after GC invocations=2 (full 0):
 garbage-first heap   total 126976K, used 13189K [0x0000000084c00000, 0x0000000100000000)
  region size 1024K, 4 young (4096K), 4 survivors (4096K)
 Metaspace       used 20381K, capacity 21013K, committed 21248K, reserved 1069056K
  class space    used 2023K, capacity 2286K, committed 2304K, reserved 1048576K
}
Event: 0.834 GC heap before
{Heap before GC invocations=3 (full 0):
 garbage-first heap   total 126976K, used 39813K [0x0000000084c00000, 0x0000000100000000)
  region size 1024K, 8 young (8192K), 4 survivors (4096K)
 Metaspace       used 21051K, capacity 21686K, committed 21888K, reserved 1069056K
  class space    used 2091K, capacity 2382K, committed 2432K, reserved 1048576K
}
Event: 0.837 GC heap after
{Heap after GC invocations=4 (full 0):
 garbage-first heap   total 126976K, used 25781K [0x0000000084c00000, 0x0000000100000000)
  region size 1024K, 1 young (1024K), 1 survivors (1024K)
 Metaspace       used 21051K, capacity 21686K, committed 21888K, reserved 1069056K
  class space    used 2091K, capacity 2382K, committed 2432K, reserved 1048576K
}
Event: 0.855 GC heap before
{Heap before GC invocations=5 (full 0):
 garbage-first heap   total 126976K, used 50357K [0x0000000084c00000, 0x0000000100000000)
  region size 1024K, 2 young (2048K), 1 survivors (1024K)
 Metaspace       used 21051K, capacity 21686K, committed 21888K, reserved 1069056K
  class space    used 2091K, capacity 2382K, committed 2432K, reserved 1048576K
}
Event: 0.856 GC heap after
{Heap after GC invocations=6 (full 0):
 garbage-first heap   total 126976K, used 37939K [0x0000000084c00000, 0x0000000100000000)
  region size 1024K, 1 young (1024K), 1 survivors (1024K)
 Metaspace       used 21051K, capacity 21686K, committed 21888K, reserved 1069056K
  class space    used 2091K, capacity 2382K, committed 2432K, reserved 1048576K
}
Event: 0.893 GC heap before
{Heap before GC invocations=7 (full 0):
 garbage-first heap   total 126976K, used 87091K [0x0000000084c00000, 0x0000000100000000)
  region size 1024K, 1 young (1024K), 1 survivors (1024K)
 Metaspace       used 21051K, capacity 21686K, committed 21888K, reserved 1069056K
  class space    used 2091K, capacity 2382K, committed 2432K, reserved 1048576K
}
Event: 0.894 GC heap after
{Heap after GC invocations=8 (full 0):
 garbage-first heap   total 126976K, used 62461K [0x0000000084c00000, 0x0000000100000000)
  region size 1024K, 1 young (1024K), 1 survivors (1024K)
 Metaspace       used 21051K, capacity 21686K, committed 21888K, reserved 1069056K
  class space    used 2091K, capacity 2382K, committed 2432K, reserved 1048576K
}

