# JRE version: OpenJDK Runtime Environment (11.0.6+10) (build 11.0.6+10)
# Java VM: OpenJDK 64-Bit Server VM (11.0.6+10, mixed mode, tiered, compressed oops, g1 gc, windows-amd64)
Heap:
 garbage-first heap   total 126976K, used 107210K [0x0000000084c00000, 0x0000000100000000)
  region size 1024K, 13 young (13312K), 1 survivors (1024K)
 Metaspace       used 21792K, capacity 22331K, committed 22528K, reserved 1069056K
  class space    used 2046K, capacity 2234K, committed 2304K, reserved 1048576K
GC Heap History (8 events):
Event: 0.710 GC heap before
{Heap before GC invocations=0 (full 0):
 garbage-first heap   total 126976K, used 31744K [0x0000000084c00000, 0x0000000100000000)
  region size 1024K, 24 young (24576K), 0 survivors (0K)
 Metaspace       used 19875K, capacity 20376K, committed 20608K, reserved 1067008K
  class space    used 1897K, capacity 2088K, committed 2176K, reserved 1048576K
}
Event: 0.716 GC heap after
{Heap after GC invocations=1 (full 0):
 garbage-first heap   total 126976K, used 12814K [0x0000000084c00000, 0x0000000100000000)
  region size 1024K, 3 young (3072K), 3 survivors (3072K)
 Metaspace       used 19875K, capacity 20376K, committed 20608K, reserved 1067008K
  class space    used 1897K, capacity 2088K, committed 2176K, reserved 1048576K
}
Event: 0.747 GC heap before
{Heap before GC invocations=1 (full 0):
 garbage-first heap   total 126976K, used 38414K [0x0000000084c00000, 0x0000000100000000)
  region size 1024K, 5 young (5120K), 3 survivors (3072K)
 Metaspace       used 20090K, capacity 20600K, committed 20864K, reserved 1069056K
  class space    used 1919K, capacity 2120K, committed 2176K, reserved 1048576K
}
Event: 0.749 GC heap after
{Heap after GC invocations=2 (full 0):
 garbage-first heap   total 126976K, used 25440K [0x0000000084c00000, 0x0000000100000000)
  region size 1024K, 4 young (4096K), 4 survivors (4096K)
 Metaspace       used 20090K, capacity 20600K, committed 20864K, reserved 1069056K
  class space    used 1919K, capacity 2120K, committed 2176K, reserved 1048576K
}
Event: 0.782 GC heap before
{Heap before GC invocations=3 (full 0):
 garbage-first heap   total 126976K, used 50016K [0x0000000084c00000, 0x0000000100000000)
  region size 1024K, 5 young (5120K), 4 survivors (4096K)
 Metaspace       used 20091K, capacity 20600K, committed 20864K, reserved 1069056K
  class space    used 1919K, capacity 2120K, committed 2176K, reserved 1048576K
}
Event: 0.785 GC heap after
{Heap after GC invocations=4 (full 0):
 garbage-first heap   total 126976K, used 37757K [0x0000000084c00000, 0x0000000100000000)
  region size 1024K, 1 young (1024K), 1 survivors (1024K)
 Metaspace       used 20091K, capacity 20600K, committed 20864K, reserved 1069056K
  class space    used 1919K, capacity 2120K, committed 2176K, reserved 1048576K
}
Event: 0.813 GC heap before
{Heap before GC invocations=5 (full 0):
 garbage-first heap   total 126976K, used 86909K [0x0000000084c00000, 0x0000000100000000)
  region size 1024K, 1 young (1024K), 1 survivors (1024K)
 Metaspace       used 20091K, capacity 20600K, committed 20864K, reserved 1069056K
  class space    used 1919K, capacity 2120K, committed 2176K, reserved 1048576K
}
Event: 0.814 GC heap after
{Heap after GC invocations=6 (full 0):
 garbage-first heap   total 126976K, used 62154K [0x0000000084c00000, 0x0000000100000000)
  region size 1024K, 1 young (1024K), 1 survivors (1024K)
 Metaspace       used 20091K, capacity 20600K, committed 20864K, reserved 1069056K
  class space    used 1919K, capacity 2120K, committed 2176K, reserved 1048576K
}

