# JRE version: OpenJDK Runtime Environment (11.0.6+10) (build 11.0.6+10)
# Java VM: OpenJDK 64-Bit Server VM (11.0.6+10, mixed mode, tiered, compressed oops, g1 gc, windows-amd64)
Heap:
 garbage-first heap   total 58368K, used 17678K [0x0000000084c00000, 0x0000000100000000)
  region size 1024K, 2 young (2048K), 0 survivors (0K)
 Metaspace       used 26206K, capacity 26829K, committed 27008K, reserved 1073152K
  class space    used 2653K, capacity 2886K, committed 2944K, reserved 1048576K
GC Heap History (14 events):
Event: 0.605 GC heap before
{Heap before GC invocations=0 (full 0):
 garbage-first heap   total 126976K, used 29696K [0x0000000084c00000, 0x0000000100000000)
  region size 1024K, 21 young (21504K), 0 survivors (0K)
 Metaspace       used 20525K, capacity 21018K, committed 21248K, reserved 1069056K
  class space    used 2191K, capacity 2441K, committed 2560K, reserved 1048576K
}
Event: 0.613 GC heap after
{Heap after GC invocations=1 (full 0):
 garbage-first heap   total 126976K, used 14771K [0x0000000084c00000, 0x0000000100000000)
  region size 1024K, 3 young (3072K), 3 survivors (3072K)
 Metaspace       used 20525K, capacity 21018K, committed 21248K, reserved 1069056K
  class space    used 2191K, capacity 2441K, committed 2560K, reserved 1048576K
}
Event: 0.782 GC heap before
{Heap before GC invocations=2 (full 0):
 garbage-first heap   total 126976K, used 21939K [0x0000000084c00000, 0x0000000100000000)
  region size 1024K, 10 young (10240K), 3 survivors (3072K)
 Metaspace       used 23169K, capacity 23710K, committed 23936K, reserved 1071104K
  class space    used 2443K, capacity 2675K, committed 2688K, reserved 1048576K
}
Event: 0.785 GC heap after
{Heap after GC invocations=3 (full 0):
 garbage-first heap   total 126976K, used 15467K [0x0000000084c00000, 0x0000000100000000)
  region size 1024K, 1 young (1024K), 1 survivors (1024K)
 Metaspace       used 23169K, capacity 23710K, committed 23936K, reserved 1071104K
  class space    used 2443K, capacity 2675K, committed 2688K, reserved 1048576K
}
Event: 0.859 GC heap before
{Heap before GC invocations=3 (full 0):
 garbage-first heap   total 126976K, used 43115K [0x0000000084c00000, 0x0000000100000000)
  region size 1024K, 6 young (6144K), 1 survivors (1024K)
 Metaspace       used 24200K, capacity 24769K, committed 25088K, reserved 1071104K
  class space    used 2544K, capacity 2772K, committed 2816K, reserved 1048576K
}
Event: 0.860 GC heap after
{Heap after GC invocations=4 (full 0):
 garbage-first heap   total 126976K, used 28005K [0x0000000084c00000, 0x0000000100000000)
  region size 1024K, 2 young (2048K), 2 survivors (2048K)
 Metaspace       used 24200K, capacity 24769K, committed 25088K, reserved 1071104K
  class space    used 2544K, capacity 2772K, committed 2816K, reserved 1048576K
}
Event: 0.881 GC heap before
{Heap before GC invocations=5 (full 0):
 garbage-first heap   total 126976K, used 52581K [0x0000000084c00000, 0x0000000100000000)
  region size 1024K, 3 young (3072K), 2 survivors (2048K)
 Metaspace       used 24201K, capacity 24769K, committed 25088K, reserved 1071104K
  class space    used 2544K, capacity 2772K, committed 2816K, reserved 1048576K
}
Event: 0.882 GC heap after
{Heap after GC invocations=6 (full 0):
 garbage-first heap   total 126976K, used 40299K [0x0000000084c00000, 0x0000000100000000)
  region size 1024K, 2 young (2048K), 2 survivors (2048K)
 Metaspace       used 24201K, capacity 24769K, committed 25088K, reserved 1071104K
  class space    used 2544K, capacity 2772K, committed 2816K, reserved 1048576K
}
Event: 0.908 GC heap before
{Heap before GC invocations=7 (full 0):
 garbage-first heap   total 126976K, used 89451K [0x0000000084c00000, 0x0000000100000000)
  region size 1024K, 3 young (3072K), 2 survivors (2048K)
 Metaspace       used 24202K, capacity 24769K, committed 25088K, reserved 1071104K
  class space    used 2544K, capacity 2772K, committed 2816K, reserved 1048576K
}
Event: 0.909 GC heap after
{Heap after GC invocations=8 (full 0):
 garbage-first heap   total 126976K, used 64878K [0x0000000084c00000, 0x0000000100000000)
  region size 1024K, 2 young (2048K), 2 survivors (2048K)
 Metaspace       used 24202K, capacity 24769K, committed 25088K, reserved 1071104K
  class space    used 2544K, capacity 2772K, committed 2816K, reserved 1048576K
}
Event: 4.303 GC heap before
{Heap before GC invocations=9 (full 0):
 garbage-first heap   total 126976K, used 110958K [0x0000000084c00000, 0x0000000100000000)
  region size 1024K, 15 young (15360K), 2 survivors (2048K)
 Metaspace       used 26096K, capacity 26637K, committed 26752K, reserved 1073152K
  class space    used 2652K, capacity 2886K, committed 2944K, reserved 1048576K
}
Event: 4.314 GC heap after
{Heap after GC invocations=10 (full 1):
 garbage-first heap   total 68608K, used 16673K [0x0000000084c00000, 0x0000000100000000)
  region size 1024K, 0 young (0K), 0 survivors (0K)
 Metaspace       used 26096K, capacity 26637K, committed 26752K, reserved 1073152K
  class space    used 2652K, capacity 2886K, committed 2944K, reserved 1048576K
}
Event: 4.314 GC heap before
{Heap before GC invocations=10 (full 1):
 garbage-first heap   total 68608K, used 16673K [0x0000000084c00000, 0x0000000100000000)
  region size 1024K, 0 young (0K), 0 survivors (0K)
 Metaspace       used 26096K, capacity 26637K, committed 26752K, reserved 1073152K
  class space    used 2652K, capacity 2886K, committed 2944K, reserved 1048576K
}
Event: 4.324 GC heap after
{Heap after GC invocations=11 (full 2):
 garbage-first heap   total 58368K, used 16654K [0x0000000084c00000, 0x0000000100000000)
  region size 1024K, 0 young (0K), 0 survivors (0K)
 Metaspace       used 26096K, capacity 26637K, committed 26752K, reserved 1073152K
  class space    used 2652K, capacity 2886K, committed 2944K, reserved 1048576K
}

