# JRE version: OpenJDK Runtime Environment (11.0.6+10) (build 11.0.6+10)
# Java VM: OpenJDK 64-Bit Server VM (11.0.6+10, mixed mode, tiered, compressed oops, g1 gc, windows-amd64)
Heap:
 garbage-first heap   total 161792K, used 109376K [0x0000000084c00000, 0x0000000100000000)
  region size 1024K, 15 young (15360K), 1 survivors (1024K)
 Metaspace       used 22825K, capacity 23372K, committed 23680K, reserved 1071104K
  class space    used 2141K, capacity 2346K, committed 2432K, reserved 1048576K
GC Heap History (10 events):
Event: 1.134 GC heap before
{Heap before GC invocations=0 (full 0):
 garbage-first heap   total 126976K, used 31744K [0x0000000084c00000, 0x0000000100000000)
  region size 1024K, 24 young (24576K), 0 survivors (0K)
 Metaspace       used 20574K, capacity 21021K, committed 21248K, reserved 1069056K
  class space    used 2001K, capacity 2196K, committed 2304K, reserved 1048576K
}
Event: 1.141 GC heap after
{Heap after GC invocations=1 (full 0):
 garbage-first heap   total 126976K, used 13038K [0x0000000084c00000, 0x0000000100000000)
  region size 1024K, 3 young (3072K), 3 survivors (3072K)
 Metaspace       used 20574K, capacity 21021K, committed 21248K, reserved 1069056K
  class space    used 2001K, capacity 2196K, committed 2304K, reserved 1048576K
}
Event: 1.147 GC heap before
{Heap before GC invocations=1 (full 0):
 garbage-first heap   total 126976K, used 14062K [0x0000000084c00000, 0x0000000100000000)
  region size 1024K, 5 young (5120K), 3 survivors (3072K)
 Metaspace       used 20583K, capacity 21021K, committed 21248K, reserved 1069056K
  class space    used 2001K, capacity 2196K, committed 2304K, reserved 1048576K
}
Event: 1.150 GC heap after
{Heap after GC invocations=2 (full 0):
 garbage-first heap   total 126976K, used 13035K [0x0000000084c00000, 0x0000000100000000)
  region size 1024K, 3 young (3072K), 3 survivors (3072K)
 Metaspace       used 20583K, capacity 21021K, committed 21248K, reserved 1069056K
  class space    used 2001K, capacity 2196K, committed 2304K, reserved 1048576K
}
Event: 1.189 GC heap before
{Heap before GC invocations=3 (full 0):
 garbage-first heap   total 126976K, used 38635K [0x0000000084c00000, 0x0000000100000000)
  region size 1024K, 5 young (5120K), 3 survivors (3072K)
 Metaspace       used 20771K, capacity 21245K, committed 21504K, reserved 1069056K
  class space    used 2023K, capacity 2228K, committed 2304K, reserved 1048576K
}
Event: 1.192 GC heap after
{Heap after GC invocations=4 (full 0):
 garbage-first heap   total 126976K, used 25686K [0x0000000084c00000, 0x0000000100000000)
  region size 1024K, 1 young (1024K), 1 survivors (1024K)
 Metaspace       used 20771K, capacity 21245K, committed 21504K, reserved 1069056K
  class space    used 2023K, capacity 2228K, committed 2304K, reserved 1048576K
}
Event: 1.222 GC heap before
{Heap before GC invocations=5 (full 0):
 garbage-first heap   total 126976K, used 50262K [0x0000000084c00000, 0x0000000100000000)
  region size 1024K, 2 young (2048K), 1 survivors (1024K)
 Metaspace       used 20771K, capacity 21245K, committed 21504K, reserved 1069056K
  class space    used 2023K, capacity 2228K, committed 2304K, reserved 1048576K
}
Event: 1.223 GC heap after
{Heap after GC invocations=6 (full 0):
 garbage-first heap   total 126976K, used 37742K [0x0000000084c00000, 0x0000000100000000)
  region size 1024K, 1 young (1024K), 1 survivors (1024K)
 Metaspace       used 20771K, capacity 21245K, committed 21504K, reserved 1069056K
  class space    used 2023K, capacity 2228K, committed 2304K, reserved 1048576K
}
Event: 1.283 GC heap before
{Heap before GC invocations=7 (full 0):
 garbage-first heap   total 126976K, used 86894K [0x0000000084c00000, 0x0000000100000000)
  region size 1024K, 1 young (1024K), 1 survivors (1024K)
 Metaspace       used 20771K, capacity 21245K, committed 21504K, reserved 1069056K
  class space    used 2023K, capacity 2228K, committed 2304K, reserved 1048576K
}
Event: 1.285 GC heap after
{Heap after GC invocations=8 (full 0):
 garbage-first heap   total 126976K, used 62272K [0x0000000084c00000, 0x0000000100000000)
  region size 1024K, 1 young (1024K), 1 survivors (1024K)
 Metaspace       used 20771K, capacity 21245K, committed 21504K, reserved 1069056K
  class space    used 2023K, capacity 2228K, committed 2304K, reserved 1048576K
}

