# JRE version: OpenJDK Runtime Environment (11.0.6+10) (build 11.0.6+10)
# Java VM: OpenJDK 64-Bit Server VM (11.0.6+10, mixed mode, tiered, compressed oops, g1 gc, windows-amd64)
Heap:
 garbage-first heap   total 126976K, used 107251K [0x0000000084c00000, 0x0000000100000000)
  region size 1024K, 13 young (13312K), 1 survivors (1024K)
 Metaspace       used 21680K, capacity 22152K, committed 22272K, reserved 1069056K
  class space    used 2050K, capacity 2234K, committed 2304K, reserved 1048576K
GC Heap History (8 events):
Event: 0.708 GC heap before
{Heap before GC invocations=0 (full 0):
 garbage-first heap   total 126976K, used 31744K [0x0000000084c00000, 0x0000000100000000)
  region size 1024K, 24 young (24576K), 0 survivors (0K)
 Metaspace       used 20001K, capacity 20484K, committed 20864K, reserved 1069056K
  class space    used 1922K, capacity 2120K, committed 2176K, reserved 1048576K
}
Event: 0.713 GC heap after
{Heap after GC invocations=1 (full 0):
 garbage-first heap   total 126976K, used 12800K [0x0000000084c00000, 0x0000000100000000)
  region size 1024K, 3 young (3072K), 3 survivors (3072K)
 Metaspace       used 20001K, capacity 20484K, committed 20864K, reserved 1069056K
  class space    used 1922K, capacity 2120K, committed 2176K, reserved 1048576K
}
Event: 0.741 GC heap before
{Heap before GC invocations=1 (full 0):
 garbage-first heap   total 126976K, used 38400K [0x0000000084c00000, 0x0000000100000000)
  region size 1024K, 5 young (5120K), 3 survivors (3072K)
 Metaspace       used 20104K, capacity 20612K, committed 20864K, reserved 1069056K
  class space    used 1929K, capacity 2120K, committed 2176K, reserved 1048576K
}
Event: 0.743 GC heap after
{Heap after GC invocations=2 (full 0):
 garbage-first heap   total 126976K, used 25441K [0x0000000084c00000, 0x0000000100000000)
  region size 1024K, 4 young (4096K), 4 survivors (4096K)
 Metaspace       used 20104K, capacity 20612K, committed 20864K, reserved 1069056K
  class space    used 1929K, capacity 2120K, committed 2176K, reserved 1048576K
}
Event: 0.764 GC heap before
{Heap before GC invocations=3 (full 0):
 garbage-first heap   total 126976K, used 50017K [0x0000000084c00000, 0x0000000100000000)
  region size 1024K, 5 young (5120K), 4 survivors (4096K)
 Metaspace       used 20105K, capacity 20612K, committed 20864K, reserved 1069056K
  class space    used 1929K, capacity 2120K, committed 2176K, reserved 1048576K
}
Event: 0.766 GC heap after
{Heap after GC invocations=4 (full 0):
 garbage-first heap   total 126976K, used 37858K [0x0000000084c00000, 0x0000000100000000)
  region size 1024K, 1 young (1024K), 1 survivors (1024K)
 Metaspace       used 20105K, capacity 20612K, committed 20864K, reserved 1069056K
  class space    used 1929K, capacity 2120K, committed 2176K, reserved 1048576K
}
Event: 0.792 GC heap before
{Heap before GC invocations=5 (full 0):
 garbage-first heap   total 126976K, used 87010K [0x0000000084c00000, 0x0000000100000000)
  region size 1024K, 1 young (1024K), 1 survivors (1024K)
 Metaspace       used 20105K, capacity 20612K, committed 20864K, reserved 1069056K
  class space    used 1929K, capacity 2120K, committed 2176K, reserved 1048576K
}
Event: 0.793 GC heap after
{Heap after GC invocations=6 (full 0):
 garbage-first heap   total 126976K, used 62195K [0x0000000084c00000, 0x0000000100000000)
  region size 1024K, 1 young (1024K), 1 survivors (1024K)
 Metaspace       used 20105K, capacity 20612K, committed 20864K, reserved 1069056K
  class space    used 1929K, capacity 2120K, committed 2176K, reserved 1048576K
}

