# JRE version: OpenJDK Runtime Environment (11.0.6+10) (build 11.0.6+10)
# Java VM: OpenJDK 64-Bit Server VM (11.0.6+10, mixed mode, tiered, compressed oops, g1 gc, windows-amd64)
Heap:
 garbage-first heap   total 126976K, used 115507K [0x0000000084c00000, 0x0000000100000000)
  region size 1024K, 20 young (20480K), 1 survivors (1024K)
 Metaspace       used 22720K, capacity 23244K, committed 23424K, reserved 1071104K
  class space    used 2133K, capacity 2346K, committed 2432K, reserved 1048576K
GC Heap History (8 events):
Event: 0.704 GC heap before
{Heap before GC invocations=0 (full 0):
 garbage-first heap   total 126976K, used 30720K [0x0000000084c00000, 0x0000000100000000)
  region size 1024K, 24 young (24576K), 0 survivors (0K)
 Metaspace       used 20526K, capacity 21020K, committed 21248K, reserved 1069056K
  class space    used 1987K, capacity 2196K, committed 2304K, reserved 1048576K
}
Event: 0.712 GC heap after
{Heap after GC invocations=1 (full 0):
 garbage-first heap   total 126976K, used 12896K [0x0000000084c00000, 0x0000000100000000)
  region size 1024K, 3 young (3072K), 3 survivors (3072K)
 Metaspace       used 20526K, capacity 21020K, committed 21248K, reserved 1069056K
  class space    used 1987K, capacity 2196K, committed 2304K, reserved 1048576K
}
Event: 0.746 GC heap before
{Heap before GC invocations=2 (full 0):
 garbage-first heap   total 126976K, used 39520K [0x0000000084c00000, 0x0000000100000000)
  region size 1024K, 6 young (6144K), 3 survivors (3072K)
 Metaspace       used 20726K, capacity 21245K, committed 21504K, reserved 1069056K
  class space    used 2009K, capacity 2228K, committed 2304K, reserved 1048576K
}
Event: 0.749 GC heap after
{Heap after GC invocations=3 (full 0):
 garbage-first heap   total 126976K, used 25601K [0x0000000084c00000, 0x0000000100000000)
  region size 1024K, 4 young (4096K), 4 survivors (4096K)
 Metaspace       used 20726K, capacity 21245K, committed 21504K, reserved 1069056K
  class space    used 2009K, capacity 2228K, committed 2304K, reserved 1048576K
}
Event: 0.765 GC heap before
{Heap before GC invocations=4 (full 0):
 garbage-first heap   total 126976K, used 50177K [0x0000000084c00000, 0x0000000100000000)
  region size 1024K, 5 young (5120K), 4 survivors (4096K)
 Metaspace       used 20726K, capacity 21245K, committed 21504K, reserved 1069056K
  class space    used 2009K, capacity 2228K, committed 2304K, reserved 1048576K
}
Event: 0.768 GC heap after
{Heap after GC invocations=5 (full 0):
 garbage-first heap   total 126976K, used 37920K [0x0000000084c00000, 0x0000000100000000)
  region size 1024K, 1 young (1024K), 1 survivors (1024K)
 Metaspace       used 20726K, capacity 21245K, committed 21504K, reserved 1069056K
  class space    used 2009K, capacity 2228K, committed 2304K, reserved 1048576K
}
Event: 0.796 GC heap before
{Heap before GC invocations=6 (full 0):
 garbage-first heap   total 126976K, used 87072K [0x0000000084c00000, 0x0000000100000000)
  region size 1024K, 1 young (1024K), 1 survivors (1024K)
 Metaspace       used 20726K, capacity 21245K, committed 21504K, reserved 1069056K
  class space    used 2009K, capacity 2228K, committed 2304K, reserved 1048576K
}
Event: 0.797 GC heap after
{Heap after GC invocations=7 (full 0):
 garbage-first heap   total 126976K, used 62259K [0x0000000084c00000, 0x0000000100000000)
  region size 1024K, 1 young (1024K), 1 survivors (1024K)
 Metaspace       used 20726K, capacity 21245K, committed 21504K, reserved 1069056K
  class space    used 2009K, capacity 2228K, committed 2304K, reserved 1048576K
}

