# JRE version: OpenJDK Runtime Environment (11.0.6+10) (build 11.0.6+10)
# Java VM: OpenJDK 64-Bit Server VM (11.0.6+10, mixed mode, tiered, compressed oops, g1 gc, windows-amd64)
Heap:
 garbage-first heap   total 126976K, used 24395K [0x0000000084c00000, 0x0000000100000000)
  region size 1024K, 13 young (13312K), 2 survivors (2048K)
 Metaspace       used 22114K, capacity 22615K, committed 22784K, reserved 1069056K
  class space    used 2053K, capacity 2238K, committed 2304K, reserved 1048576K
GC Heap History (12 events):
Event: 0.727 GC heap before
{Heap before GC invocations=0 (full 0):
 garbage-first heap   total 126976K, used 31744K [0x0000000084c00000, 0x0000000100000000)
  region size 1024K, 24 young (24576K), 0 survivors (0K)
 Metaspace       used 20015K, capacity 20548K, committed 20864K, reserved 1069056K
  class space    used 1923K, capacity 2120K, committed 2176K, reserved 1048576K
}
Event: 0.732 GC heap after
{Heap after GC invocations=1 (full 0):
 garbage-first heap   total 126976K, used 12808K [0x0000000084c00000, 0x0000000100000000)
  region size 1024K, 3 young (3072K), 3 survivors (3072K)
 Metaspace       used 20015K, capacity 20548K, committed 20864K, reserved 1069056K
  class space    used 1923K, capacity 2120K, committed 2176K, reserved 1048576K
}
Event: 0.768 GC heap before
{Heap before GC invocations=1 (full 0):
 garbage-first heap   total 126976K, used 38408K [0x0000000084c00000, 0x0000000100000000)
  region size 1024K, 5 young (5120K), 3 survivors (3072K)
 Metaspace       used 20119K, capacity 20612K, committed 20864K, reserved 1069056K
  class space    used 1930K, capacity 2120K, committed 2176K, reserved 1048576K
}
Event: 0.771 GC heap after
{Heap after GC invocations=2 (full 0):
 garbage-first heap   total 126976K, used 25439K [0x0000000084c00000, 0x0000000100000000)
  region size 1024K, 4 young (4096K), 4 survivors (4096K)
 Metaspace       used 20119K, capacity 20612K, committed 20864K, reserved 1069056K
  class space    used 1930K, capacity 2120K, committed 2176K, reserved 1048576K
}
Event: 0.809 GC heap before
{Heap before GC invocations=3 (full 0):
 garbage-first heap   total 126976K, used 50015K [0x0000000084c00000, 0x0000000100000000)
  region size 1024K, 5 young (5120K), 4 survivors (4096K)
 Metaspace       used 20119K, capacity 20612K, committed 20864K, reserved 1069056K
  class space    used 1930K, capacity 2120K, committed 2176K, reserved 1048576K
}
Event: 0.811 GC heap after
{Heap after GC invocations=4 (full 0):
 garbage-first heap   total 126976K, used 37869K [0x0000000084c00000, 0x0000000100000000)
  region size 1024K, 1 young (1024K), 1 survivors (1024K)
 Metaspace       used 20119K, capacity 20612K, committed 20864K, reserved 1069056K
  class space    used 1930K, capacity 2120K, committed 2176K, reserved 1048576K
}
Event: 0.856 GC heap before
{Heap before GC invocations=5 (full 0):
 garbage-first heap   total 126976K, used 87021K [0x0000000084c00000, 0x0000000100000000)
  region size 1024K, 1 young (1024K), 1 survivors (1024K)
 Metaspace       used 20120K, capacity 20612K, committed 20864K, reserved 1069056K
  class space    used 1930K, capacity 2120K, committed 2176K, reserved 1048576K
}
Event: 0.856 GC heap after
{Heap after GC invocations=6 (full 0):
 garbage-first heap   total 126976K, used 62171K [0x0000000084c00000, 0x0000000100000000)
  region size 1024K, 1 young (1024K), 1 survivors (1024K)
 Metaspace       used 20120K, capacity 20612K, committed 20864K, reserved 1069056K
  class space    used 1930K, capacity 2120K, committed 2176K, reserved 1048576K
}
Event: 19.256 GC heap before
{Heap before GC invocations=7 (full 0):
 garbage-first heap   total 126976K, used 119515K [0x0000000084c00000, 0x0000000100000000)
  region size 1024K, 24 young (24576K), 1 survivors (1024K)
 Metaspace       used 22037K, capacity 22549K, committed 22784K, reserved 1069056K
  class space    used 2052K, capacity 2238K, committed 2304K, reserved 1048576K
}
Event: 19.258 GC heap after
{Heap after GC invocations=8 (full 0):
 garbage-first heap   total 126976K, used 14235K [0x0000000084c00000, 0x0000000100000000)
  region size 1024K, 2 young (2048K), 2 survivors (2048K)
 Metaspace       used 22037K, capacity 22549K, committed 22784K, reserved 1069056K
  class space    used 2052K, capacity 2238K, committed 2304K, reserved 1048576K
}
Event: 27.082 GC heap before
{Heap before GC invocations=8 (full 0):
 garbage-first heap   total 126976K, used 69531K [0x0000000084c00000, 0x0000000100000000)
  region size 1024K, 56 young (57344K), 2 survivors (2048K)
 Metaspace       used 22045K, capacity 22549K, committed 22784K, reserved 1069056K
  class space    used 2052K, capacity 2238K, committed 2304K, reserved 1048576K
}
Event: 27.084 GC heap after
{Heap after GC invocations=9 (full 0):
 garbage-first heap   total 126976K, used 14155K [0x0000000084c00000, 0x0000000100000000)
  region size 1024K, 2 young (2048K), 2 survivors (2048K)
 Metaspace       used 22045K, capacity 22549K, committed 22784K, reserved 1069056K
  class space    used 2052K, capacity 2238K, committed 2304K, reserved 1048576K
}

