# JRE version: OpenJDK Runtime Environment (11.0.6+10) (build 11.0.6+10)
# Java VM: OpenJDK 64-Bit Server VM (11.0.6+10, mixed mode, tiered, compressed oops, g1 gc, windows-amd64)
Heap:
 garbage-first heap   total 161792K, used 109339K [0x0000000084c00000, 0x0000000100000000)
  region size 1024K, 14 young (14336K), 1 survivors (1024K)
 Metaspace       used 22560K, capacity 23107K, committed 23424K, reserved 1071104K
  class space    used 2130K, capacity 2343K, committed 2432K, reserved 1048576K
GC Heap History (10 events):
Event: 0.709 GC heap before
{Heap before GC invocations=0 (full 0):
 garbage-first heap   total 126976K, used 31744K [0x0000000084c00000, 0x0000000100000000)
  region size 1024K, 24 young (24576K), 0 survivors (0K)
 Metaspace       used 20502K, capacity 21020K, committed 21248K, reserved 1069056K
  class space    used 1986K, capacity 2196K, committed 2304K, reserved 1048576K
}
Event: 0.714 GC heap after
{Heap after GC invocations=1 (full 0):
 garbage-first heap   total 126976K, used 12932K [0x0000000084c00000, 0x0000000100000000)
  region size 1024K, 3 young (3072K), 3 survivors (3072K)
 Metaspace       used 20502K, capacity 21020K, committed 21248K, reserved 1069056K
  class space    used 1986K, capacity 2196K, committed 2304K, reserved 1048576K
}
Event: 0.724 GC heap before
{Heap before GC invocations=1 (full 0):
 garbage-first heap   total 126976K, used 12932K [0x0000000084c00000, 0x0000000100000000)
  region size 1024K, 4 young (4096K), 3 survivors (3072K)
 Metaspace       used 20585K, capacity 21052K, committed 21248K, reserved 1069056K
  class space    used 1997K, capacity 2228K, committed 2304K, reserved 1048576K
}
Event: 0.726 GC heap after
{Heap after GC invocations=2 (full 0):
 garbage-first heap   total 126976K, used 12966K [0x0000000084c00000, 0x0000000100000000)
  region size 1024K, 4 young (4096K), 4 survivors (4096K)
 Metaspace       used 20585K, capacity 21052K, committed 21248K, reserved 1069056K
  class space    used 1997K, capacity 2228K, committed 2304K, reserved 1048576K
}
Event: 0.751 GC heap before
{Heap before GC invocations=3 (full 0):
 garbage-first heap   total 126976K, used 37542K [0x0000000084c00000, 0x0000000100000000)
  region size 1024K, 6 young (6144K), 4 survivors (4096K)
 Metaspace       used 20708K, capacity 21244K, committed 21504K, reserved 1069056K
  class space    used 2008K, capacity 2228K, committed 2304K, reserved 1048576K
}
Event: 0.754 GC heap after
{Heap after GC invocations=4 (full 0):
 garbage-first heap   total 126976K, used 25582K [0x0000000084c00000, 0x0000000100000000)
  region size 1024K, 1 young (1024K), 1 survivors (1024K)
 Metaspace       used 20708K, capacity 21244K, committed 21504K, reserved 1069056K
  class space    used 2008K, capacity 2228K, committed 2304K, reserved 1048576K
}
Event: 0.782 GC heap before
{Heap before GC invocations=5 (full 0):
 garbage-first heap   total 126976K, used 50158K [0x0000000084c00000, 0x0000000100000000)
  region size 1024K, 2 young (2048K), 1 survivors (1024K)
 Metaspace       used 20708K, capacity 21244K, committed 21504K, reserved 1069056K
  class space    used 2008K, capacity 2228K, committed 2304K, reserved 1048576K
}
Event: 0.783 GC heap after
{Heap after GC invocations=6 (full 0):
 garbage-first heap   total 126976K, used 37722K [0x0000000084c00000, 0x0000000100000000)
  region size 1024K, 1 young (1024K), 1 survivors (1024K)
 Metaspace       used 20708K, capacity 21244K, committed 21504K, reserved 1069056K
  class space    used 2008K, capacity 2228K, committed 2304K, reserved 1048576K
}
Event: 0.812 GC heap before
{Heap before GC invocations=7 (full 0):
 garbage-first heap   total 126976K, used 86874K [0x0000000084c00000, 0x0000000100000000)
  region size 1024K, 1 young (1024K), 1 survivors (1024K)
 Metaspace       used 20708K, capacity 21244K, committed 21504K, reserved 1069056K
  class space    used 2008K, capacity 2228K, committed 2304K, reserved 1048576K
}
Event: 0.813 GC heap after
{Heap after GC invocations=8 (full 0):
 garbage-first heap   total 126976K, used 62235K [0x0000000084c00000, 0x0000000100000000)
  region size 1024K, 1 young (1024K), 1 survivors (1024K)
 Metaspace       used 20708K, capacity 21244K, committed 21504K, reserved 1069056K
  class space    used 2008K, capacity 2228K, committed 2304K, reserved 1048576K
}

