# JRE version: OpenJDK Runtime Environment (11.0.6+10) (build 11.0.6+10)
# Java VM: OpenJDK 64-Bit Server VM (11.0.6+10, mixed mode, tiered, compressed oops, g1 gc, windows-amd64)
Heap:
 garbage-first heap   total 126976K, used 107239K [0x0000000084c00000, 0x0000000100000000)
  region size 1024K, 13 young (13312K), 1 survivors (1024K)
 Metaspace       used 21985K, capacity 22492K, committed 22784K, reserved 1069056K
  class space    used 2064K, capacity 2266K, committed 2304K, reserved 1048576K
GC Heap History (8 events):
Event: 0.745 GC heap before
{Heap before GC invocations=0 (full 0):
 garbage-first heap   total 126976K, used 31744K [0x0000000084c00000, 0x0000000100000000)
  region size 1024K, 24 young (24576K), 0 survivors (0K)
 Metaspace       used 20238K, capacity 20761K, committed 20864K, reserved 1069056K
  class space    used 1945K, capacity 2152K, committed 2176K, reserved 1048576K
}
Event: 0.750 GC heap after
{Heap after GC invocations=1 (full 0):
 garbage-first heap   total 126976K, used 12812K [0x0000000084c00000, 0x0000000100000000)
  region size 1024K, 3 young (3072K), 3 survivors (3072K)
 Metaspace       used 20238K, capacity 20761K, committed 20864K, reserved 1069056K
  class space    used 1945K, capacity 2152K, committed 2176K, reserved 1048576K
}
Event: 0.773 GC heap before
{Heap before GC invocations=1 (full 0):
 garbage-first heap   total 126976K, used 38412K [0x0000000084c00000, 0x0000000100000000)
  region size 1024K, 5 young (5120K), 3 survivors (3072K)
 Metaspace       used 20342K, capacity 20825K, committed 21120K, reserved 1069056K
  class space    used 1952K, capacity 2152K, committed 2176K, reserved 1048576K
}
Event: 0.775 GC heap after
{Heap after GC invocations=2 (full 0):
 garbage-first heap   total 126976K, used 25492K [0x0000000084c00000, 0x0000000100000000)
  region size 1024K, 4 young (4096K), 4 survivors (4096K)
 Metaspace       used 20342K, capacity 20825K, committed 21120K, reserved 1069056K
  class space    used 1952K, capacity 2152K, committed 2176K, reserved 1048576K
}
Event: 0.795 GC heap before
{Heap before GC invocations=3 (full 0):
 garbage-first heap   total 126976K, used 50068K [0x0000000084c00000, 0x0000000100000000)
  region size 1024K, 5 young (5120K), 4 survivors (4096K)
 Metaspace       used 20342K, capacity 20825K, committed 21120K, reserved 1069056K
  class space    used 1952K, capacity 2152K, committed 2176K, reserved 1048576K
}
Event: 0.797 GC heap after
{Heap after GC invocations=4 (full 0):
 garbage-first heap   total 126976K, used 37862K [0x0000000084c00000, 0x0000000100000000)
  region size 1024K, 1 young (1024K), 1 survivors (1024K)
 Metaspace       used 20342K, capacity 20825K, committed 21120K, reserved 1069056K
  class space    used 1952K, capacity 2152K, committed 2176K, reserved 1048576K
}
Event: 0.831 GC heap before
{Heap before GC invocations=5 (full 0):
 garbage-first heap   total 126976K, used 87014K [0x0000000084c00000, 0x0000000100000000)
  region size 1024K, 1 young (1024K), 1 survivors (1024K)
 Metaspace       used 20342K, capacity 20825K, committed 21120K, reserved 1069056K
  class space    used 1952K, capacity 2152K, committed 2176K, reserved 1048576K
}
Event: 0.831 GC heap after
{Heap after GC invocations=6 (full 0):
 garbage-first heap   total 126976K, used 62183K [0x0000000084c00000, 0x0000000100000000)
  region size 1024K, 1 young (1024K), 1 survivors (1024K)
 Metaspace       used 20342K, capacity 20825K, committed 21120K, reserved 1069056K
  class space    used 1952K, capacity 2152K, committed 2176K, reserved 1048576K
}

