# JRE version: OpenJDK Runtime Environment (11.0.6+10) (build 11.0.6+10)
# Java VM: OpenJDK 64-Bit Server VM (11.0.6+10, mixed mode, tiered, compressed oops, g1 gc, windows-amd64)
Heap:
 garbage-first heap   total 126976K, used 110971K [0x0000000084c00000, 0x0000000100000000)
  region size 1024K, 14 young (14336K), 1 survivors (1024K)
 Metaspace       used 26047K, capacity 26637K, committed 26928K, reserved 1073152K
  class space    used 2651K, capacity 2886K, committed 2944K, reserved 1048576K
GC Heap History (10 events):
Event: 0.577 GC heap before
{Heap before GC invocations=0 (full 0):
 garbage-first heap   total 126976K, used 31744K [0x0000000084c00000, 0x0000000100000000)
  region size 1024K, 22 young (22528K), 0 survivors (0K)
 Metaspace       used 20573K, capacity 21117K, committed 21296K, reserved 1069056K
  class space    used 2162K, capacity 2410K, committed 2432K, reserved 1048576K
}
Event: 0.584 GC heap after
{Heap after GC invocations=1 (full 0):
 garbage-first heap   total 126976K, used 14776K [0x0000000084c00000, 0x0000000100000000)
  region size 1024K, 3 young (3072K), 3 survivors (3072K)
 Metaspace       used 20573K, capacity 21117K, committed 21296K, reserved 1069056K
  class space    used 2162K, capacity 2410K, committed 2432K, reserved 1048576K
}
Event: 0.647 GC heap before
{Heap before GC invocations=2 (full 0):
 garbage-first heap   total 126976K, used 18872K [0x0000000084c00000, 0x0000000100000000)
  region size 1024K, 7 young (7168K), 3 survivors (3072K)
 Metaspace       used 22517K, capacity 23065K, committed 23344K, reserved 1071104K
  class space    used 2383K, capacity 2610K, committed 2688K, reserved 1048576K
}
Event: 0.649 GC heap after
{Heap after GC invocations=3 (full 0):
 garbage-first heap   total 126976K, used 15390K [0x0000000084c00000, 0x0000000100000000)
  region size 1024K, 1 young (1024K), 1 survivors (1024K)
 Metaspace       used 22517K, capacity 23065K, committed 23344K, reserved 1071104K
  class space    used 2383K, capacity 2610K, committed 2688K, reserved 1048576K
}
Event: 0.807 GC heap before
{Heap before GC invocations=3 (full 0):
 garbage-first heap   total 126976K, used 44062K [0x0000000084c00000, 0x0000000100000000)
  region size 1024K, 7 young (7168K), 1 survivors (1024K)
 Metaspace       used 24153K, capacity 24705K, committed 25008K, reserved 1071104K
  class space    used 2541K, capacity 2772K, committed 2816K, reserved 1048576K
}
Event: 0.809 GC heap after
{Heap after GC invocations=4 (full 0):
 garbage-first heap   total 126976K, used 28051K [0x0000000084c00000, 0x0000000100000000)
  region size 1024K, 1 young (1024K), 1 survivors (1024K)
 Metaspace       used 24153K, capacity 24705K, committed 25008K, reserved 1071104K
  class space    used 2541K, capacity 2772K, committed 2816K, reserved 1048576K
}
Event: 0.829 GC heap before
{Heap before GC invocations=5 (full 0):
 garbage-first heap   total 126976K, used 52627K [0x0000000084c00000, 0x0000000100000000)
  region size 1024K, 2 young (2048K), 1 survivors (1024K)
 Metaspace       used 24153K, capacity 24705K, committed 25008K, reserved 1071104K
  class space    used 2541K, capacity 2772K, committed 2816K, reserved 1048576K
}
Event: 0.830 GC heap after
{Heap after GC invocations=6 (full 0):
 garbage-first heap   total 126976K, used 40339K [0x0000000084c00000, 0x0000000100000000)
  region size 1024K, 1 young (1024K), 1 survivors (1024K)
 Metaspace       used 24153K, capacity 24705K, committed 25008K, reserved 1071104K
  class space    used 2541K, capacity 2772K, committed 2816K, reserved 1048576K
}
Event: 0.856 GC heap before
{Heap before GC invocations=7 (full 0):
 garbage-first heap   total 126976K, used 89491K [0x0000000084c00000, 0x0000000100000000)
  region size 1024K, 1 young (1024K), 1 survivors (1024K)
 Metaspace       used 24153K, capacity 24705K, committed 25008K, reserved 1071104K
  class space    used 2541K, capacity 2772K, committed 2816K, reserved 1048576K
}
Event: 0.857 GC heap after
{Heap after GC invocations=8 (full 0):
 garbage-first heap   total 126976K, used 64891K [0x0000000084c00000, 0x0000000100000000)
  region size 1024K, 1 young (1024K), 1 survivors (1024K)
 Metaspace       used 24153K, capacity 24705K, committed 25008K, reserved 1071104K
  class space    used 2541K, capacity 2772K, committed 2816K, reserved 1048576K
}

