# JRE version: OpenJDK Runtime Environment (11.0.6+10) (build 11.0.6+10)
# Java VM: OpenJDK 64-Bit Server VM (11.0.6+10, mixed mode, tiered, compressed oops, g1 gc, windows-amd64)
Heap:
 garbage-first heap   total 126976K, used 27138K [0x0000000084c00000, 0x0000000100000000)
  region size 1024K, 23 young (23552K), 2 survivors (2048K)
 Metaspace       used 23125K, capacity 23698K, committed 23936K, reserved 1071104K
  class space    used 2139K, capacity 2346K, committed 2432K, reserved 1048576K
GC Heap History (8 events):
Event: 0.692 GC heap before
{Heap before GC invocations=0 (full 0):
 garbage-first heap   total 126976K, used 22528K [0x0000000084c00000, 0x0000000100000000)
  region size 1024K, 24 young (24576K), 0 survivors (0K)
 Metaspace       used 20538K, capacity 21020K, committed 21248K, reserved 1069056K
  class space    used 1999K, capacity 2196K, committed 2304K, reserved 1048576K
}
Event: 0.699 GC heap after
{Heap after GC invocations=1 (full 0):
 garbage-first heap   total 126976K, used 4728K [0x0000000084c00000, 0x0000000100000000)
  region size 1024K, 3 young (3072K), 3 survivors (3072K)
 Metaspace       used 20538K, capacity 21020K, committed 21248K, reserved 1069056K
  class space    used 1999K, capacity 2196K, committed 2304K, reserved 1048576K
}
Event: 0.768 GC heap before
{Heap before GC invocations=2 (full 0):
 garbage-first heap   total 126976K, used 55928K [0x0000000084c00000, 0x0000000100000000)
  region size 1024K, 6 young (6144K), 3 survivors (3072K)
 Metaspace       used 20750K, capacity 21244K, committed 21504K, reserved 1069056K
  class space    used 2022K, capacity 2228K, committed 2304K, reserved 1048576K
}
Event: 0.771 GC heap after
{Heap after GC invocations=3 (full 0):
 garbage-first heap   total 126976K, used 29653K [0x0000000084c00000, 0x0000000100000000)
  region size 1024K, 4 young (4096K), 4 survivors (4096K)
 Metaspace       used 20750K, capacity 21244K, committed 21504K, reserved 1069056K
  class space    used 2022K, capacity 2228K, committed 2304K, reserved 1048576K
}
Event: 0.805 GC heap before
{Heap before GC invocations=4 (full 0):
 garbage-first heap   total 126976K, used 78805K [0x0000000084c00000, 0x0000000100000000)
  region size 1024K, 4 young (4096K), 4 survivors (4096K)
 Metaspace       used 20750K, capacity 21244K, committed 21504K, reserved 1069056K
  class space    used 2022K, capacity 2228K, committed 2304K, reserved 1048576K
}
Event: 0.808 GC heap after
{Heap after GC invocations=5 (full 0):
 garbage-first heap   total 126976K, used 54407K [0x0000000084c00000, 0x0000000100000000)
  region size 1024K, 1 young (1024K), 1 survivors (1024K)
 Metaspace       used 20750K, capacity 21244K, committed 21504K, reserved 1069056K
  class space    used 2022K, capacity 2228K, committed 2304K, reserved 1048576K
}
Event: 426.139 GC heap before
{Heap before GC invocations=6 (full 0):
 garbage-first heap   total 126976K, used 111751K [0x0000000084c00000, 0x0000000100000000)
  region size 1024K, 23 young (23552K), 1 survivors (1024K)
 Metaspace       used 22760K, capacity 23314K, committed 23424K, reserved 1071104K
  class space    used 2137K, capacity 2346K, committed 2432K, reserved 1048576K
}
Event: 426.142 GC heap after
{Heap after GC invocations=7 (full 0):
 garbage-first heap   total 126976K, used 6658K [0x0000000084c00000, 0x0000000100000000)
  region size 1024K, 2 young (2048K), 2 survivors (2048K)
 Metaspace       used 22760K, capacity 23314K, committed 23424K, reserved 1071104K
  class space    used 2137K, capacity 2346K, committed 2432K, reserved 1048576K
}

